[debug] [2024-06-29T19:36:18.076Z] ----------------------------------------------------------------------
[debug] [2024-06-29T19:36:18.079Z] Command:       C:\Program Files\nodejs\node.exe C:\Users\Administrator\AppData\Roaming\npm\node_modules\firebase-tools\lib\bin\firebase.js deploy
[debug] [2024-06-29T19:36:18.080Z] CLI Version:   13.2.1
[debug] [2024-06-29T19:36:18.080Z] Platform:      win32
[debug] [2024-06-29T19:36:18.080Z] Node Version:  v20.10.0
[debug] [2024-06-29T19:36:18.081Z] Time:          Sat Jun 29 2024 22:36:18 GMT+0300 (Eastern European Summer Time)
[debug] [2024-06-29T19:36:18.081Z] ----------------------------------------------------------------------
[debug] 
[debug] [2024-06-29T19:36:18.085Z] >>> [apiv2][query] GET https://firebase-public.firebaseio.com/cli.json [none]
[debug] [2024-06-29T19:36:18.239Z] > command requires scopes: ["email","openid","https://www.googleapis.com/auth/cloudplatformprojects.readonly","https://www.googleapis.com/auth/firebase","https://www.googleapis.com/auth/cloud-platform"]
[debug] [2024-06-29T19:36:18.239Z] > authorizing via signed-in user (reems0171@gmail.com)
[debug] [2024-06-29T19:36:18.239Z] [iam] checking project home-4a3a6 for permissions ["firebase.projects.get","firebasehosting.sites.update"]
[debug] [2024-06-29T19:36:18.241Z] > refreshing access token with scopes: []
[debug] [2024-06-29T19:36:18.242Z] >>> [apiv2][query] POST https://www.googleapis.com/oauth2/v3/token [none]
[debug] [2024-06-29T19:36:18.242Z] >>> [apiv2][body] POST https://www.googleapis.com/oauth2/v3/token [omitted]
[debug] [2024-06-29T19:36:18.808Z] <<< [apiv2][status] POST https://www.googleapis.com/oauth2/v3/token 200
[debug] [2024-06-29T19:36:18.809Z] <<< [apiv2][body] POST https://www.googleapis.com/oauth2/v3/token [omitted]
[debug] [2024-06-29T19:36:18.822Z] >>> [apiv2][query] POST https://cloudresourcemanager.googleapis.com/v1/projects/home-4a3a6:testIamPermissions [none]
[debug] [2024-06-29T19:36:18.822Z] >>> [apiv2][(partial)header] POST https://cloudresourcemanager.googleapis.com/v1/projects/home-4a3a6:testIamPermissions x-goog-quota-user=projects/home-4a3a6
[debug] [2024-06-29T19:36:18.822Z] >>> [apiv2][body] POST https://cloudresourcemanager.googleapis.com/v1/projects/home-4a3a6:testIamPermissions {"permissions":["firebase.projects.get","firebasehosting.sites.update"]}
[debug] [2024-06-29T19:36:18.893Z] <<< [apiv2][status] GET https://firebase-public.firebaseio.com/cli.json 200
[debug] [2024-06-29T19:36:18.893Z] <<< [apiv2][body] GET https://firebase-public.firebaseio.com/cli.json {"cloudBuildErrorAfter":1594252800000,"cloudBuildWarnAfter":1590019200000,"defaultNode10After":1594252800000,"minVersion":"3.0.5","node8DeploysDisabledAfter":1613390400000,"node8RuntimeDisabledAfter":1615809600000,"node8WarnAfter":1600128000000}
[debug] [2024-06-29T19:36:19.950Z] <<< [apiv2][status] POST https://cloudresourcemanager.googleapis.com/v1/projects/home-4a3a6:testIamPermissions 200
[debug] [2024-06-29T19:36:19.950Z] <<< [apiv2][body] POST https://cloudresourcemanager.googleapis.com/v1/projects/home-4a3a6:testIamPermissions {"permissions":["firebase.projects.get","firebasehosting.sites.update"]}
[debug] [2024-06-29T19:36:19.951Z] >>> [apiv2][query] GET https://firebase.googleapis.com/v1beta1/projects/home-4a3a6 [none]
[debug] [2024-06-29T19:36:20.679Z] <<< [apiv2][status] GET https://firebase.googleapis.com/v1beta1/projects/home-4a3a6 200
[debug] [2024-06-29T19:36:20.679Z] <<< [apiv2][body] GET https://firebase.googleapis.com/v1beta1/projects/home-4a3a6 {"projectId":"home-4a3a6","projectNumber":"518117893332","displayName":"Home","name":"projects/home-4a3a6","resources":{"hostingSite":"home-4a3a6"},"state":"ACTIVE","etag":"1_29f6bff4-e428-4da6-be55-2ea6a55d450f"}
[info] 
[info] === Deploying to 'home-4a3a6'...
[info] 
[info] i  deploying hosting 
[debug] [2024-06-29T19:36:20.688Z] >>> [apiv2][query] POST https://firebasehosting.googleapis.com/v1beta1/projects/-/sites/home-4a3a6/versions [none]
[debug] [2024-06-29T19:36:20.688Z] >>> [apiv2][body] POST https://firebasehosting.googleapis.com/v1beta1/projects/-/sites/home-4a3a6/versions {"status":"CREATED","labels":{"deployment-tool":"cli-firebase"}}
[debug] [2024-06-29T19:36:24.018Z] <<< [apiv2][status] POST https://firebasehosting.googleapis.com/v1beta1/projects/-/sites/home-4a3a6/versions 200
[debug] [2024-06-29T19:36:24.018Z] <<< [apiv2][body] POST https://firebasehosting.googleapis.com/v1beta1/projects/-/sites/home-4a3a6/versions {"name":"projects/518117893332/sites/home-4a3a6/versions/76fb70880decfb9f","status":"CREATED","config":{},"labels":{"deployment-tool":"cli-firebase"}}
[info] i  hosting[home-4a3a6]: beginning deploy... 
[info] i  hosting[home-4a3a6]: found 25 files in build 
[debug] [2024-06-29T19:36:24.049Z] [hosting] uploading with 200 concurrency
[debug] [2024-06-29T19:36:24.059Z] [hosting] hash cache [YnVpbGQ] stored for 25 files
[debug] [2024-06-29T19:36:24.059Z] [hosting][hash queue][FINAL] {"max":3,"min":0,"avg":0,"active":0,"complete":25,"success":25,"errored":0,"retried":0,"total":25,"elapsed":6}
[debug] [2024-06-29T19:36:24.060Z] >>> [apiv2][query] POST https://firebasehosting.googleapis.com/v1beta1/projects/518117893332/sites/home-4a3a6/versions/76fb70880decfb9f:populateFiles [none]
[debug] [2024-06-29T19:36:24.060Z] >>> [apiv2][body] POST https://firebasehosting.googleapis.com/v1beta1/projects/518117893332/sites/home-4a3a6/versions/76fb70880decfb9f:populateFiles {"files":{"/asset-manifest.json":"3fc601de8a750574d7c8c80fa0a23b09283f55b7dc3af3acde08da80ef793469","/favicon.ico":"27edce7be5922cf0bef7d4136f69b5bfbdd5bf8c13c7b026f71187d41a00aa7d","/index.html":"cc649629b423bcb1478830a97ed00e4321dd5e51e87228e5baf1073fdb5238d1","/logo192.png":"79e2b749561016bc8af300ea19f48347ceed3cb1a54f48ae456172eca45e08f0","/logo512.png":"212b102aa09e51b3b3e06647e81f7801a61333e171f6582e8124379aabccb41d","/manifest.json":"ee04fb47e525c67d8424ffe9b4d8a8a24e434504478afca4e0ca602146836d4c","/robots.txt":"bfe106a3fb878dc83461c86818bf74fc1bdc7f28538ba613cd3e775516ce8b49","/static/css/main.eb75c95c.css":"44e5be432b6285a5bb9f71db4f1a3d0ed1a9a4515055f0f8d87889093a1bfabc","/static/css/main.eb75c95c.css.map":"aaeb92f0f039f3976b2eb49b730a671cadea013728cfbb12a0bd928b23249c22","/static/js/main.92ab97c1.js":"1c2748a3fa48cc558db90dd0030f0e83c01ab7efae5a44882dac3449b1796cbc","/static/js/main.92ab97c1.js.LICENSE.txt":"3e3254f16dfe2f85f07465bd2dc4c57ed91a6920ab3507f83952bf1aaa331ebf","/static/js/main.92ab97c1.js.map":"32c9b2765e8e5c84e6523cf66e025f621b2cc1fb5d3c66180422d015d8b88b40","/static/media/error.084f5f5b0eb10d3216cb7c939108e1f6.svg":"a9c024ba74e08f2ea53f1a399b28c5b20175699d1be480801a6002fc15314ab0","/static/media/fa-brands-400.455ea818179b4def0c43.woff2":"dd9fa1dce2cd076ba88b5a1552c85740754982c2283392ddff075c3ed2e13467","/static/media/fa-brands-400.60127e352b7a11f7f1bc.ttf":"ea521abc5326d0a173bd1b1b42afdb0d73a5e3056b01f3fd765a41f0492abe80","/static/media/fa-regular-400.21cb8f55d8e0c5b89751.woff2":"0ccb00153450cf70fb945a19d92e87cb6290e49b68a5803ea334eeb3a37b70cc","/static/media/fa-regular-400.eb91f7b948a42799f678.ttf":"d5dab87d67d585860a2d283df82ec863507e6daa2904244a7b7d550977172211","/static/media/fa-solid-900.4d986b00ff9ca3828fbd.woff2":"1e561b37a14eb331641560902622a453abb59a6361e75e7b6d449430498ec6fb","/static/media/fa-solid-900.bacd5de623fb563b961a.ttf":"76fd31abaf82b5316fdeee040dd349fa6044f8686859c694fff522bdea4ecd15","/static/media/fa-v4compatibility.c8e090db312b0bea2aa2.ttf":"e2d6e15f19f91159e76dd78f0ab3d5bc588913f802aae09a00908f068785e6c2","/static/media/fa-v4compatibility.cf7f5903d06b79ad60f1.woff2":"84eb3f2a26ba454ea93eb2887a06a9886ecd95d09ee79902550d1aea09f40337","/static/media/image_processing20200908-23070-1areanr 1 (1).7fdcc1b34e4ab3ec7419.jpg":"550c6f7420254c906a6cf5365f54f0442a7a5bddae3c7dc408a92720d77d3401","/static/media/image_processing20200908-23070-1areanr 1.96bfbbfa84782ac9661e.jpg":"ade0a4120779d4be88914d43cde2c02144fbb8c8f6446b39c2467b971d9c9a4d","/static/media/Rectangle 61.de446e24d57ffef679b7.jpg":"51905bf02e63284c43823aac161ec1762d9e16de14fd39ca6b647c7069a18695","/static/media/s4.5e7469cded2449136cde.png":"8f511656cfa72dc97e1b34f2066816fa55375a4304ca66bbfd547315473ecdbd"}}
[debug] [2024-06-29T19:36:27.498Z] <<< [apiv2][status] POST https://firebasehosting.googleapis.com/v1beta1/projects/518117893332/sites/home-4a3a6/versions/76fb70880decfb9f:populateFiles 200
[debug] [2024-06-29T19:36:27.498Z] <<< [apiv2][body] POST https://firebasehosting.googleapis.com/v1beta1/projects/518117893332/sites/home-4a3a6/versions/76fb70880decfb9f:populateFiles {"uploadUrl":"https://upload-firebasehosting.googleapis.com/upload/sites/home-4a3a6/versions/76fb70880decfb9f/files"}
[debug] [2024-06-29T19:36:27.499Z] [hosting][populate queue][FINAL] {"max":3442,"min":3442,"avg":3442,"active":0,"complete":1,"success":1,"errored":0,"retried":0,"total":1,"elapsed":3442}
[debug] [2024-06-29T19:36:27.499Z] [hosting] uploads queued: 0
[debug] [2024-06-29T19:36:27.499Z] [hosting][upload queue][FINAL] {"max":0,"min":9999999999,"avg":0,"active":0,"complete":0,"success":0,"errored":0,"retried":0,"total":0,"elapsed":1719689787499}
[info] +  hosting[home-4a3a6]: file upload complete 
[debug] [2024-06-29T19:36:27.500Z] [hosting] deploy completed after 3480ms
[debug] [2024-06-29T19:36:27.501Z] [
  {
    "config": {
      "public": "build",
      "ignore": [
        "firebase.json",
        "**/.*",
        "**/node_modules/**"
      ],
      "site": "home-4a3a6"
    },
    "version": "projects/518117893332/sites/home-4a3a6/versions/76fb70880decfb9f"
  }
]
[info] i  hosting[home-4a3a6]: finalizing version... 
[debug] [2024-06-29T19:36:27.503Z] >>> [apiv2][query] PATCH https://firebasehosting.googleapis.com/v1beta1/projects/-/sites/home-4a3a6/versions/76fb70880decfb9f updateMask=status%2Cconfig
[debug] [2024-06-29T19:36:27.503Z] >>> [apiv2][body] PATCH https://firebasehosting.googleapis.com/v1beta1/projects/-/sites/home-4a3a6/versions/76fb70880decfb9f {"status":"FINALIZED","config":{}}
[debug] [2024-06-29T19:36:30.019Z] <<< [apiv2][status] PATCH https://firebasehosting.googleapis.com/v1beta1/projects/-/sites/home-4a3a6/versions/76fb70880decfb9f 200
[debug] [2024-06-29T19:36:30.019Z] <<< [apiv2][body] PATCH https://firebasehosting.googleapis.com/v1beta1/projects/-/sites/home-4a3a6/versions/76fb70880decfb9f {"name":"projects/518117893332/sites/home-4a3a6/versions/76fb70880decfb9f","status":"FINALIZED","config":{},"labels":{"deployment-tool":"cli-firebase"},"createTime":"2024-06-29T19:36:26.182242Z","createUser":{"email":"reems0171@gmail.com"},"finalizeTime":"2024-06-29T19:36:33.075052Z","finalizeUser":{"email":"reems0171@gmail.com"}}
[debug] [2024-06-29T19:36:30.019Z] [hosting] finalized version for home-4a3a6:[object Object]
[info] +  hosting[home-4a3a6]: version finalized 
[info] i  hosting[home-4a3a6]: releasing new version... 
[debug] [2024-06-29T19:36:30.021Z] >>> [apiv2][query] POST https://firebasehosting.googleapis.com/v1beta1/projects/-/sites/home-4a3a6/channels/live/releases versionName=projects%2F518117893332%2Fsites%2Fhome-4a3a6%2Fversions%2F76fb70880decfb9f
[debug] [2024-06-29T19:36:30.021Z] >>> [apiv2][body] POST https://firebasehosting.googleapis.com/v1beta1/projects/-/sites/home-4a3a6/channels/live/releases {}
[debug] [2024-06-29T19:36:32.022Z] <<< [apiv2][status] POST https://firebasehosting.googleapis.com/v1beta1/projects/-/sites/home-4a3a6/channels/live/releases 200
[debug] [2024-06-29T19:36:32.022Z] <<< [apiv2][body] POST https://firebasehosting.googleapis.com/v1beta1/projects/-/sites/home-4a3a6/channels/live/releases {"name":"projects/518117893332/sites/home-4a3a6/channels/live/releases/1719689793652000","version":{"name":"projects/518117893332/sites/home-4a3a6/versions/76fb70880decfb9f","status":"FINALIZED","config":{},"labels":{"deployment-tool":"cli-firebase"},"createTime":"2024-06-29T19:36:26.182242Z","createUser":{"email":"reems0171@gmail.com","imageUrl":"https://lh3.googleusercontent.com/a/ACg8ocJ4zB2hzaQXQR3sfviX-j6_epyi4kh2zfD9KHF9hnEUwaRiOQ5dSw"},"finalizeTime":"2024-06-29T19:36:33.075052Z","finalizeUser":{"email":"reems0171@gmail.com","imageUrl":"https://lh3.googleusercontent.com/a/ACg8ocJ4zB2hzaQXQR3sfviX-j6_epyi4kh2zfD9KHF9hnEUwaRiOQ5dSw"}},"type":"DEPLOY","releaseTime":"2024-06-29T19:36:33.652Z","releaseUser":{"email":"reems0171@gmail.com","imageUrl":"https://lh3.googleusercontent.com/a/ACg8ocJ4zB2hzaQXQR3sfviX-j6_epyi4kh2zfD9KHF9hnEUwaRiOQ5dSw"}}
[debug] [2024-06-29T19:36:32.022Z] [hosting] release: {"name":"projects/518117893332/sites/home-4a3a6/channels/live/releases/1719689793652000","version":{"name":"projects/518117893332/sites/home-4a3a6/versions/76fb70880decfb9f","status":"FINALIZED","config":{},"labels":{"deployment-tool":"cli-firebase"},"createTime":"2024-06-29T19:36:26.182242Z","createUser":{"email":"reems0171@gmail.com","imageUrl":"https://lh3.googleusercontent.com/a/ACg8ocJ4zB2hzaQXQR3sfviX-j6_epyi4kh2zfD9KHF9hnEUwaRiOQ5dSw"},"finalizeTime":"2024-06-29T19:36:33.075052Z","finalizeUser":{"email":"reems0171@gmail.com","imageUrl":"https://lh3.googleusercontent.com/a/ACg8ocJ4zB2hzaQXQR3sfviX-j6_epyi4kh2zfD9KHF9hnEUwaRiOQ5dSw"}},"type":"DEPLOY","releaseTime":"2024-06-29T19:36:33.652Z","releaseUser":{"email":"reems0171@gmail.com","imageUrl":"https://lh3.googleusercontent.com/a/ACg8ocJ4zB2hzaQXQR3sfviX-j6_epyi4kh2zfD9KHF9hnEUwaRiOQ5dSw"}}
[info] +  hosting[home-4a3a6]: release complete 
[info] 
[info] +  Deploy complete! 
[info] 
[info] Project Console: https://console.firebase.google.com/project/home-4a3a6/overview
[info] Hosting URL: https://home-4a3a6.web.app
[debug] [2024-06-29T19:37:08.067Z] Error: Timed out.
    at Timeout._onTimeout (C:\Users\Administrator\AppData\Roaming\npm\node_modules\firebase-tools\lib\utils.js:258:49)
    at listOnTimeout (node:internal/timers:573:17)
    at process.processTimers (node:internal/timers:514:7)
[error] 
[error] Error: An unexpected error has occurred.
